<?xml version="1.0" encoding="UTF-8"?>
<!-- Generated by org.testng.reporters.JUnitXMLReporter -->
<testsuite ignored="0" hostname="DESKTOP-5DC8VDN" failures="0" tests="2" name="Error Validation Test" time="25.869" errors="0" timestamp="2023-07-15T01:22:46 IST">
  <testcase classname="com.ecom.qa.standalone.ErrorValidationTest" name="errorValidationTest" time="1.355"/>
  <testcase classname="com.ecom.qa.standalone.ErrorValidationTest" name="productError" time="12.499"/>
</testsuite> <!-- Error Validation Test -->
