<?xml version="1.0" encoding="UTF-8"?>
<!-- Generated by org.testng.reporters.JUnitXMLReporter -->
<testsuite ignored="0" hostname="DESKTOP-5DC8VDN" failures="0" tests="3" name="Submit Order Test" time="29.295" errors="0" timestamp="2023-07-15T01:22:50 IST">
  <testcase classname="com.ecom.qa.standalone.SubmitOrderTest" name="submitTest" time="8.014"/>
  <testcase classname="com.ecom.qa.standalone.SubmitOrderTest" name="submitTest" time="6.34"/>
  <testcase classname="com.ecom.qa.standalone.SubmitOrderTest" name="OrderProductTest" time="1.158"/>
</testsuite> <!-- Submit Order Test -->
