<?xml version="1.0" encoding="UTF-8"?>
<!-- Generated by org.testng.reporters.JUnitXMLReporter -->
<testsuite ignored="0" hostname="DESKTOP-5DC8VDN" failures="0" tests="5" name="Command line test" time="65.946" errors="0" timestamp="2023-07-18T00:51:21 IST">
  <testcase classname="com.ecom.qa.standalone.ErrorValidationTest" name="errorValidationTest" time="1.248"/>
  <testcase classname="com.ecom.qa.standalone.ErrorValidationTest" name="productError" time="12.658"/>
  <testcase classname="com.ecom.qa.standalone.SubmitOrderTest" name="submitTest" time="7.791"/>
  <testcase classname="com.ecom.qa.standalone.SubmitOrderTest" name="submitTest" time="6.825"/>
  <testcase classname="com.ecom.qa.standalone.SubmitOrderTest" name="OrderProductTest" time="1.505"/>
</testsuite> <!-- Command line test -->
