<?xml version="1.0" encoding="UTF-8"?>
<testng-results ignored="0" total="5" passed="5" failed="0" skipped="0">
  <reporter-output>
  </reporter-output>
  <suite started-at="2023-07-18T00:50:15 IST" name="Command line suite" finished-at="2023-07-18T00:51:21 IST" duration-ms="65946">
    <groups>
      <group name="ErrorHandling">
        <method signature="ErrorValidationTest.errorValidationTest()[pri:0, instance:com.ecom.qa.standalone.ErrorValidationTest@6b4a4e18]" name="errorValidationTest" class="com.ecom.qa.standalone.ErrorValidationTest"/>
        <method signature="ErrorValidationTest.productError()[pri:0, instance:com.ecom.qa.standalone.ErrorValidationTest@6b4a4e18]" name="productError" class="com.ecom.qa.standalone.ErrorValidationTest"/>
      </group> <!-- ErrorHandling -->
      <group name="PurchageProduct">
        <method signature="SubmitOrderTest.submitTest(java.util.HashMap)[pri:0, instance:com.ecom.qa.standalone.SubmitOrderTest@402e37bc]" name="submitTest" class="com.ecom.qa.standalone.SubmitOrderTest"/>
      </group> <!-- PurchageProduct -->
    </groups>
    <test started-at="2023-07-18T00:50:15 IST" name="Command line test" finished-at="2023-07-18T00:51:21 IST" duration-ms="65946">
      <class name="com.ecom.qa.standalone.ErrorValidationTest">
        <test-method is-config="true" signature="launchApp()[pri:0, instance:com.ecom.qa.standalone.ErrorValidationTest@6b4a4e18]" started-at="2023-07-18T00:50:15 IST" name="launchApp" finished-at="2023-07-18T00:50:28 IST" duration-ms="12803" status="PASS">
          <reporter-output>
          </reporter-output>
        </test-method> <!-- launchApp -->
        <test-method signature="errorValidationTest()[pri:0, instance:com.ecom.qa.standalone.ErrorValidationTest@6b4a4e18]" started-at="2023-07-18T00:50:28 IST" name="errorValidationTest" finished-at="2023-07-18T00:50:30 IST" duration-ms="1248" status="PASS">
          <reporter-output>
          </reporter-output>
        </test-method> <!-- errorValidationTest -->
        <test-method is-config="true" signature="tearDown()[pri:0, instance:com.ecom.qa.standalone.ErrorValidationTest@6b4a4e18]" started-at="2023-07-18T00:50:30 IST" name="tearDown" finished-at="2023-07-18T00:50:31 IST" duration-ms="1514" status="PASS">
          <reporter-output>
          </reporter-output>
        </test-method> <!-- tearDown -->
        <test-method is-config="true" signature="launchApp()[pri:0, instance:com.ecom.qa.standalone.ErrorValidationTest@6b4a4e18]" started-at="2023-07-18T00:50:31 IST" name="launchApp" finished-at="2023-07-18T00:50:38 IST" duration-ms="7146" status="PASS">
          <reporter-output>
          </reporter-output>
        </test-method> <!-- launchApp -->
        <test-method signature="productError()[pri:0, instance:com.ecom.qa.standalone.ErrorValidationTest@6b4a4e18]" started-at="2023-07-18T00:50:38 IST" name="productError" finished-at="2023-07-18T00:50:51 IST" duration-ms="12658" status="PASS">
          <reporter-output>
          </reporter-output>
        </test-method> <!-- productError -->
        <test-method is-config="true" signature="tearDown()[pri:0, instance:com.ecom.qa.standalone.ErrorValidationTest@6b4a4e18]" started-at="2023-07-18T00:50:51 IST" name="tearDown" finished-at="2023-07-18T00:50:51 IST" duration-ms="387" status="PASS">
          <reporter-output>
          </reporter-output>
        </test-method> <!-- tearDown -->
      </class> <!-- com.ecom.qa.standalone.ErrorValidationTest -->
      <class name="com.ecom.qa.standalone.SubmitOrderTest">
        <test-method is-config="true" signature="launchApp()[pri:0, instance:com.ecom.qa.standalone.SubmitOrderTest@402e37bc]" started-at="2023-07-18T00:50:52 IST" name="launchApp" finished-at="2023-07-18T00:50:57 IST" duration-ms="4560" status="PASS">
          <reporter-output>
          </reporter-output>
        </test-method> <!-- launchApp -->
        <test-method signature="submitTest(java.util.HashMap)[pri:0, instance:com.ecom.qa.standalone.SubmitOrderTest@402e37bc]" started-at="2023-07-18T00:50:57 IST" name="submitTest" data-provider="getData" finished-at="2023-07-18T00:51:04 IST" duration-ms="7791" status="PASS">
          <params>
            <param index="0">
              <value>
                <![CDATA[{password=Vivek@2400, email=vivek93royal@gmail.com, productName=IPHONE 13 PRO}]]>
              </value>
            </param>
          </params>
          <reporter-output>
          </reporter-output>
        </test-method> <!-- submitTest -->
        <test-method is-config="true" signature="tearDown()[pri:0, instance:com.ecom.qa.standalone.SubmitOrderTest@402e37bc]" started-at="2023-07-18T00:51:04 IST" name="tearDown" finished-at="2023-07-18T00:51:05 IST" duration-ms="248" status="PASS">
          <reporter-output>
          </reporter-output>
        </test-method> <!-- tearDown -->
        <test-method is-config="true" signature="launchApp()[pri:0, instance:com.ecom.qa.standalone.SubmitOrderTest@402e37bc]" started-at="2023-07-18T00:51:05 IST" name="launchApp" finished-at="2023-07-18T00:51:08 IST" duration-ms="3351" status="PASS">
          <reporter-output>
          </reporter-output>
        </test-method> <!-- launchApp -->
        <test-method signature="submitTest(java.util.HashMap)[pri:0, instance:com.ecom.qa.standalone.SubmitOrderTest@402e37bc]" started-at="2023-07-18T00:51:08 IST" name="submitTest" data-provider="getData" finished-at="2023-07-18T00:51:15 IST" duration-ms="6825" status="PASS">
          <params>
            <param index="0">
              <value>
                <![CDATA[{password=Rishu@240, email=rishu240@gmail.com, productName=ADIDAS ORIGINAL}]]>
              </value>
            </param>
          </params>
          <reporter-output>
          </reporter-output>
        </test-method> <!-- submitTest -->
        <test-method is-config="true" signature="tearDown()[pri:0, instance:com.ecom.qa.standalone.SubmitOrderTest@402e37bc]" started-at="2023-07-18T00:51:15 IST" name="tearDown" finished-at="2023-07-18T00:51:15 IST" duration-ms="350" status="PASS">
          <reporter-output>
          </reporter-output>
        </test-method> <!-- tearDown -->
        <test-method is-config="true" signature="launchApp()[pri:0, instance:com.ecom.qa.standalone.SubmitOrderTest@402e37bc]" started-at="2023-07-18T00:51:15 IST" name="launchApp" finished-at="2023-07-18T00:51:20 IST" duration-ms="4474" status="PASS">
          <reporter-output>
          </reporter-output>
        </test-method> <!-- launchApp -->
        <test-method signature="OrderProductTest()[pri:0, instance:com.ecom.qa.standalone.SubmitOrderTest@402e37bc]" started-at="2023-07-18T00:51:20 IST" name="OrderProductTest" finished-at="2023-07-18T00:51:21 IST" depends-on-methods="com.ecom.qa.standalone.SubmitOrderTest.submitTest" duration-ms="1505" status="PASS">
          <reporter-output>
          </reporter-output>
        </test-method> <!-- OrderProductTest -->
        <test-method is-config="true" signature="tearDown()[pri:0, instance:com.ecom.qa.standalone.SubmitOrderTest@402e37bc]" started-at="2023-07-18T00:51:21 IST" name="tearDown" finished-at="2023-07-18T00:51:21 IST" duration-ms="221" status="PASS">
          <reporter-output>
          </reporter-output>
        </test-method> <!-- tearDown -->
      </class> <!-- com.ecom.qa.standalone.SubmitOrderTest -->
    </test> <!-- Command line test -->
  </suite> <!-- Command line suite -->
</testng-results>
