<?xml version="1.0" encoding="UTF-8"?>
<testng-results ignored="0" total="5" passed="5" failed="0" skipped="0">
  <reporter-output>
  </reporter-output>
  <suite started-at="2023-07-15T01:22:21 IST" name="Suite" finished-at="2023-07-15T01:22:50 IST" duration-ms="29295">
    <groups>
      <group name="ErrorHandling">
        <method signature="ErrorValidationTest.errorValidationTest()[pri:0, instance:com.ecom.qa.standalone.ErrorValidationTest@1e66f1f5]" name="errorValidationTest" class="com.ecom.qa.standalone.ErrorValidationTest"/>
        <method signature="ErrorValidationTest.productError()[pri:0, instance:com.ecom.qa.standalone.ErrorValidationTest@1e66f1f5]" name="productError" class="com.ecom.qa.standalone.ErrorValidationTest"/>
      </group> <!-- ErrorHandling -->
      <group name="PurchageProduct">
        <method signature="SubmitOrderTest.submitTest(java.util.HashMap)[pri:0, instance:com.ecom.qa.standalone.SubmitOrderTest@815b41f]" name="submitTest" class="com.ecom.qa.standalone.SubmitOrderTest"/>
      </group> <!-- PurchageProduct -->
    </groups>
    <test started-at="2023-07-15T01:22:21 IST" name="Error Validation Test" finished-at="2023-07-15T01:22:46 IST" duration-ms="25869">
      <class name="com.ecom.qa.standalone.ErrorValidationTest">
        <test-method is-config="true" signature="launchApp()[pri:0, instance:com.ecom.qa.standalone.ErrorValidationTest@1e66f1f5]" started-at="2023-07-15T01:22:21 IST" name="launchApp" finished-at="2023-07-15T01:22:27 IST" duration-ms="6618" status="PASS">
          <reporter-output>
          </reporter-output>
        </test-method> <!-- launchApp -->
        <test-method signature="errorValidationTest()[pri:0, instance:com.ecom.qa.standalone.ErrorValidationTest@1e66f1f5]" started-at="2023-07-15T01:22:27 IST" name="errorValidationTest" finished-at="2023-07-15T01:22:29 IST" duration-ms="1355" status="PASS">
          <reporter-output>
          </reporter-output>
        </test-method> <!-- errorValidationTest -->
        <test-method is-config="true" signature="tearDown()[pri:0, instance:com.ecom.qa.standalone.ErrorValidationTest@1e66f1f5]" started-at="2023-07-15T01:22:29 IST" name="tearDown" finished-at="2023-07-15T01:22:29 IST" duration-ms="499" status="PASS">
          <reporter-output>
          </reporter-output>
        </test-method> <!-- tearDown -->
        <test-method is-config="true" signature="launchApp()[pri:0, instance:com.ecom.qa.standalone.ErrorValidationTest@1e66f1f5]" started-at="2023-07-15T01:22:29 IST" name="launchApp" finished-at="2023-07-15T01:22:34 IST" duration-ms="4384" status="PASS">
          <reporter-output>
          </reporter-output>
        </test-method> <!-- launchApp -->
        <test-method signature="productError()[pri:0, instance:com.ecom.qa.standalone.ErrorValidationTest@1e66f1f5]" started-at="2023-07-15T01:22:34 IST" name="productError" finished-at="2023-07-15T01:22:46 IST" duration-ms="12499" status="PASS">
          <reporter-output>
          </reporter-output>
        </test-method> <!-- productError -->
        <test-method is-config="true" signature="tearDown()[pri:0, instance:com.ecom.qa.standalone.ErrorValidationTest@1e66f1f5]" started-at="2023-07-15T01:22:46 IST" name="tearDown" finished-at="2023-07-15T01:22:46 IST" duration-ms="391" status="PASS">
          <reporter-output>
          </reporter-output>
        </test-method> <!-- tearDown -->
      </class> <!-- com.ecom.qa.standalone.ErrorValidationTest -->
    </test> <!-- Error Validation Test -->
    <test started-at="2023-07-15T01:22:21 IST" name="Submit Order Test" finished-at="2023-07-15T01:22:50 IST" duration-ms="29295">
      <class name="com.ecom.qa.standalone.SubmitOrderTest">
        <test-method is-config="true" signature="launchApp()[pri:0, instance:com.ecom.qa.standalone.SubmitOrderTest@815b41f]" started-at="2023-07-15T01:22:21 IST" name="launchApp" finished-at="2023-07-15T01:22:27 IST" duration-ms="6117" status="PASS">
          <reporter-output>
          </reporter-output>
        </test-method> <!-- launchApp -->
        <test-method signature="submitTest(java.util.HashMap)[pri:0, instance:com.ecom.qa.standalone.SubmitOrderTest@815b41f]" started-at="2023-07-15T01:22:27 IST" name="submitTest" data-provider="getData" finished-at="2023-07-15T01:22:35 IST" duration-ms="8014" status="PASS">
          <params>
            <param index="0">
              <value>
                <![CDATA[{password=Vivek@2400, email=vivek93royal@gmail.com, productName=IPHONE 13 PRO}]]>
              </value>
            </param>
          </params>
          <reporter-output>
          </reporter-output>
        </test-method> <!-- submitTest -->
        <test-method is-config="true" signature="tearDown()[pri:0, instance:com.ecom.qa.standalone.SubmitOrderTest@815b41f]" started-at="2023-07-15T01:22:35 IST" name="tearDown" finished-at="2023-07-15T01:22:36 IST" duration-ms="170" status="PASS">
          <reporter-output>
          </reporter-output>
        </test-method> <!-- tearDown -->
        <test-method is-config="true" signature="launchApp()[pri:0, instance:com.ecom.qa.standalone.SubmitOrderTest@815b41f]" started-at="2023-07-15T01:22:36 IST" name="launchApp" finished-at="2023-07-15T01:22:39 IST" duration-ms="3849" status="PASS">
          <reporter-output>
          </reporter-output>
        </test-method> <!-- launchApp -->
        <test-method signature="submitTest(java.util.HashMap)[pri:0, instance:com.ecom.qa.standalone.SubmitOrderTest@815b41f]" started-at="2023-07-15T01:22:39 IST" name="submitTest" data-provider="getData" finished-at="2023-07-15T01:22:46 IST" duration-ms="6340" status="PASS">
          <params>
            <param index="0">
              <value>
                <![CDATA[{password=Rishu@240, email=rishu240@gmail.com, productName=ADIDAS ORIGINAL}]]>
              </value>
            </param>
          </params>
          <reporter-output>
          </reporter-output>
        </test-method> <!-- submitTest -->
        <test-method is-config="true" signature="tearDown()[pri:0, instance:com.ecom.qa.standalone.SubmitOrderTest@815b41f]" started-at="2023-07-15T01:22:46 IST" name="tearDown" finished-at="2023-07-15T01:22:46 IST" duration-ms="154" status="PASS">
          <reporter-output>
          </reporter-output>
        </test-method> <!-- tearDown -->
        <test-method is-config="true" signature="launchApp()[pri:0, instance:com.ecom.qa.standalone.SubmitOrderTest@815b41f]" started-at="2023-07-15T01:22:46 IST" name="launchApp" finished-at="2023-07-15T01:22:49 IST" duration-ms="2587" status="PASS">
          <reporter-output>
          </reporter-output>
        </test-method> <!-- launchApp -->
        <test-method signature="OrderProductTest()[pri:0, instance:com.ecom.qa.standalone.SubmitOrderTest@815b41f]" started-at="2023-07-15T01:22:49 IST" name="OrderProductTest" finished-at="2023-07-15T01:22:50 IST" depends-on-methods="com.ecom.qa.standalone.SubmitOrderTest.submitTest" duration-ms="1158" status="PASS">
          <reporter-output>
          </reporter-output>
        </test-method> <!-- OrderProductTest -->
        <test-method is-config="true" signature="tearDown()[pri:0, instance:com.ecom.qa.standalone.SubmitOrderTest@815b41f]" started-at="2023-07-15T01:22:50 IST" name="tearDown" finished-at="2023-07-15T01:22:50 IST" duration-ms="167" status="PASS">
          <reporter-output>
          </reporter-output>
        </test-method> <!-- tearDown -->
      </class> <!-- com.ecom.qa.standalone.SubmitOrderTest -->
    </test> <!-- Submit Order Test -->
  </suite> <!-- Suite -->
</testng-results>
